<?xml version="1.0" encoding="UTF-8"?>
<!-- Generated by org.testng.reporters.JUnitXMLReporter -->
<testsuite ignored="0" hostname="Abiola" failures="0" tests="2" name="Default test" time="0.288" errors="0" timestamp="2022-08-12T21:46:11 BST">
  <testcase classname="com.testautomationu.chapter3annotations.Configuration_Annotation" name="searchCustomer" time="0.026"/>
  <testcase classname="com.testautomationu.chapter3annotations.Configuration_Annotation" name="searchProduct" time="0.011"/>
</testsuite> <!-- Default test -->
