<?xml version="1.0" encoding="UTF-8"?>
<!-- Generated by org.testng.reporters.JUnitXMLReporter -->
<testsuite ignored="1" hostname="Abiola" failures="0" tests="1" name="Search For A Customer" time="0.154" errors="0" timestamp="2022-08-12T23:00:02 BST">
  <testcase classname="com.testautomationu.chapter3annotations.Configuration_Annotation" name="searchCustomer" time="0.018"/>
  <testcase classname="com.testautomationu.chapter3annotations.Configuration_Annotation" name="searchProduct" time="0.0">
    <ignored/>
  </testcase> <!-- searchProduct -->
</testsuite> <!-- Search For A Customer -->
