<?xml version="1.0" encoding="UTF-8"?>
<!-- Generated by org.testng.reporters.JUnitXMLReporter -->
<testsuite ignored="0" hostname="Abiola" failures="0" tests="2" name="configuration annotation test" time="0.272" errors="0" timestamp="2022-08-12T22:49:17 BST">
  <testcase classname="com.testautomationu.chapter3annotations.Configuration_Annotation" name="searchCustomer" time="0.031"/>
  <testcase classname="com.testautomationu.chapter3annotations.Configuration_Annotation" name="searchProduct" time="0.009"/>
</testsuite> <!-- configuration annotation test -->
