<?xml version="1.0" encoding="UTF-8"?>
<testng-results ignored="2" total="4" passed="2" failed="0" skipped="0">
  <reporter-output>
  </reporter-output>
  <suite started-at="2022-08-12T23:00:02 BST" name="Test Automation University Suite" finished-at="2022-08-12T23:00:03 BST" duration-ms="543">
    <groups>
    </groups>
    <test started-at="2022-08-12T23:00:02 BST" name="Search For A Customer" finished-at="2022-08-12T23:00:02 BST" duration-ms="154">
      <class name="com.testautomationu.chapter3annotations.Configuration_Annotation">
        <test-method is-config="true" signature="beforeTest()[pri:0, instance:com.testautomationu.chapter3annotations.Configuration_Annotation@306f16f3]" started-at="2022-08-12T23:00:02 BST" name="beforeTest" finished-at="2022-08-12T23:00:02 BST" duration-ms="0" status="PASS">
          <reporter-output>
          </reporter-output>
        </test-method> <!-- beforeTest -->
        <test-method is-config="true" signature="beforeClass()[pri:0, instance:com.testautomationu.chapter3annotations.Configuration_Annotation@306f16f3]" started-at="2022-08-12T23:00:02 BST" name="beforeClass" finished-at="2022-08-12T23:00:02 BST" duration-ms="0" status="PASS">
          <reporter-output>
          </reporter-output>
        </test-method> <!-- beforeClass -->
        <test-method is-config="true" signature="beforeMethod()[pri:0, instance:com.testautomationu.chapter3annotations.Configuration_Annotation@306f16f3]" started-at="2022-08-12T23:00:02 BST" name="beforeMethod" finished-at="2022-08-12T23:00:02 BST" duration-ms="1" status="PASS">
          <reporter-output>
          </reporter-output>
        </test-method> <!-- beforeMethod -->
        <test-method signature="searchCustomer()[pri:0, instance:com.testautomationu.chapter3annotations.Configuration_Annotation@306f16f3]" started-at="2022-08-12T23:00:02 BST" name="searchCustomer" finished-at="2022-08-12T23:00:02 BST" duration-ms="18" status="PASS">
          <reporter-output>
          </reporter-output>
        </test-method> <!-- searchCustomer -->
        <test-method is-config="true" signature="afterMethod()[pri:0, instance:com.testautomationu.chapter3annotations.Configuration_Annotation@306f16f3]" started-at="2022-08-12T23:00:02 BST" name="afterMethod" finished-at="2022-08-12T23:00:02 BST" duration-ms="4" status="PASS">
          <reporter-output>
          </reporter-output>
        </test-method> <!-- afterMethod -->
        <test-method is-config="true" signature="afterClass()[pri:0, instance:com.testautomationu.chapter3annotations.Configuration_Annotation@306f16f3]" started-at="2022-08-12T23:00:02 BST" name="afterClass" finished-at="2022-08-12T23:00:02 BST" duration-ms="1" status="PASS">
          <reporter-output>
          </reporter-output>
        </test-method> <!-- afterClass -->
        <test-method is-config="true" signature="afterTest()[pri:0, instance:com.testautomationu.chapter3annotations.Configuration_Annotation@306f16f3]" started-at="2022-08-12T23:00:02 BST" name="afterTest" finished-at="2022-08-12T23:00:02 BST" duration-ms="1" status="PASS">
          <reporter-output>
          </reporter-output>
        </test-method> <!-- afterTest -->
      </class> <!-- com.testautomationu.chapter3annotations.Configuration_Annotation -->
    </test> <!-- Search For A Customer -->
    <test started-at="2022-08-12T23:00:03 BST" name="Search For A Product" finished-at="2022-08-12T23:00:03 BST" duration-ms="39">
      <class name="com.testautomationu.chapter3annotations.Configuration_Annotation">
        <test-method is-config="true" signature="beforeSuite()[pri:0, instance:com.testautomationu.chapter3annotations.Configuration_Annotation@fba92d3]" started-at="2022-08-12T23:00:02 BST" name="beforeSuite" finished-at="2022-08-12T23:00:02 BST" duration-ms="25" status="PASS">
          <reporter-output>
          </reporter-output>
        </test-method> <!-- beforeSuite -->
        <test-method is-config="true" signature="beforeTest()[pri:0, instance:com.testautomationu.chapter3annotations.Configuration_Annotation@fba92d3]" started-at="2022-08-12T23:00:03 BST" name="beforeTest" finished-at="2022-08-12T23:00:03 BST" duration-ms="0" status="PASS">
          <reporter-output>
          </reporter-output>
        </test-method> <!-- beforeTest -->
        <test-method is-config="true" signature="beforeClass()[pri:0, instance:com.testautomationu.chapter3annotations.Configuration_Annotation@fba92d3]" started-at="2022-08-12T23:00:03 BST" name="beforeClass" finished-at="2022-08-12T23:00:03 BST" duration-ms="0" status="PASS">
          <reporter-output>
          </reporter-output>
        </test-method> <!-- beforeClass -->
        <test-method is-config="true" signature="beforeMethod()[pri:0, instance:com.testautomationu.chapter3annotations.Configuration_Annotation@fba92d3]" started-at="2022-08-12T23:00:03 BST" name="beforeMethod" finished-at="2022-08-12T23:00:03 BST" duration-ms="1" status="PASS">
          <reporter-output>
          </reporter-output>
        </test-method> <!-- beforeMethod -->
        <test-method signature="searchProduct()[pri:0, instance:com.testautomationu.chapter3annotations.Configuration_Annotation@fba92d3]" started-at="2022-08-12T23:00:03 BST" name="searchProduct" finished-at="2022-08-12T23:00:03 BST" duration-ms="5" status="PASS">
          <reporter-output>
          </reporter-output>
        </test-method> <!-- searchProduct -->
        <test-method is-config="true" signature="afterMethod()[pri:0, instance:com.testautomationu.chapter3annotations.Configuration_Annotation@fba92d3]" started-at="2022-08-12T23:00:03 BST" name="afterMethod" finished-at="2022-08-12T23:00:03 BST" duration-ms="1" status="PASS">
          <reporter-output>
          </reporter-output>
        </test-method> <!-- afterMethod -->
        <test-method is-config="true" signature="afterClass()[pri:0, instance:com.testautomationu.chapter3annotations.Configuration_Annotation@fba92d3]" started-at="2022-08-12T23:00:03 BST" name="afterClass" finished-at="2022-08-12T23:00:03 BST" duration-ms="0" status="PASS">
          <reporter-output>
          </reporter-output>
        </test-method> <!-- afterClass -->
        <test-method is-config="true" signature="afterTest()[pri:0, instance:com.testautomationu.chapter3annotations.Configuration_Annotation@fba92d3]" started-at="2022-08-12T23:00:03 BST" name="afterTest" finished-at="2022-08-12T23:00:03 BST" duration-ms="2" status="PASS">
          <reporter-output>
          </reporter-output>
        </test-method> <!-- afterTest -->
        <test-method is-config="true" signature="afterSuite()[pri:0, instance:com.testautomationu.chapter3annotations.Configuration_Annotation@fba92d3]" started-at="2022-08-12T23:00:03 BST" name="afterSuite" finished-at="2022-08-12T23:00:03 BST" duration-ms="2" status="PASS">
          <reporter-output>
          </reporter-output>
        </test-method> <!-- afterSuite -->
      </class> <!-- com.testautomationu.chapter3annotations.Configuration_Annotation -->
    </test> <!-- Search For A Product -->
  </suite> <!-- Test Automation University Suite -->
</testng-results>
